[INFO ] 2025-06-23 16:38:03.043 [main] BDD Automation - The Execution of Step I_launch_the_Chrome_Browser started here
[INFO ] 2025-06-23 16:38:04.829 [main] BDD Automation - The Execution of Step I_launch_the_Chrome_Browser Ended here
[INFO ] 2025-06-23 16:38:04.831 [main] BDD Automation - The Execution of Step I_navigate_the_Application_URL started here
[INFO ] 2025-06-23 16:38:08.614 [main] BDD Automation - The Execution of Step I_navigate_the_Application_URL ended here
[INFO ] 2025-06-23 16:38:08.617 [main] BDD Automation - The Execution of Step I_enter_username_in_username_text_field started here
[INFO ] 2025-06-23 16:38:08.704 [main] BDD Automation - The Execution of Step I_enter_username_in_username_text_field ended here
[INFO ] 2025-06-23 16:38:08.705 [main] BDD Automation - The Execution of Step I_enter_password_in_password_text_field started here
[INFO ] 2025-06-23 16:38:08.821 [main] BDD Automation - The Execution of Step I_enter_password_in_password_text_field ended here
[INFO ] 2025-06-23 16:38:08.822 [main] BDD Automation - The Execution of Step I_click_on_SignIn_button started here
[INFO ] 2025-06-23 16:38:13.940 [main] BDD Automation - The Execution of Step I_click_on_SignIn_button ended here
[INFO ] 2025-06-23 16:38:13.943 [main] BDD Automation - The Execution of Step I_find_the_Home_Page started here
[INFO ] 2025-06-23 16:38:13.978 [main] BDD Automation - The Execution of Step I_find_the_Home_Page ended here
[INFO ] 2025-06-23 16:38:13.981 [main] BDD Automation - The Execution of Step I_minimize_the_flyout_window started here
[INFO ] 2025-06-23 16:38:16.113 [main] BDD Automation - The Execution of Step I_minimize_the_flyout_window ended here
[INFO ] 2025-06-23 16:38:16.124 [main] BDD Automation - The Execution of Step I_find_the_Logout_Link_in_Home_Page started here
[INFO ] 2025-06-23 16:38:16.160 [main] BDD Automation - The Execution of Step I_find_the_Logout_Link_in_Home_Page ended here
[INFO ] 2025-06-23 16:38:16.161 [main] BDD Automation - The Execution of Step I_click_on_Logout_Link started here
[INFO ] 2025-06-23 16:38:18.351 [main] BDD Automation - The Execution of Step I_click_on_Logout_Link ended here
[INFO ] 2025-06-23 16:38:18.352 [main] BDD Automation - The Execution of Step I_find_the_Login_Page started here
[INFO ] 2025-06-23 16:38:18.373 [main] BDD Automation - The Execution of Step I_find_the_Login_Page ended here
[INFO ] 2025-06-23 16:38:18.375 [main] BDD Automation - The Execution of Step I_close_Chrome_Browser started here
[INFO ] 2025-06-23 16:38:18.676 [main] BDD Automation - The Execution of Step I_close_Chrome_Browser ended here
[INFO ] 2025-06-23 16:38:18.689 [main] BDD Automation - The Execution of Step I_launch_the_Chrome_Browser started here
[INFO ] 2025-06-23 16:38:19.702 [main] BDD Automation - The Execution of Step I_launch_the_Chrome_Browser Ended here
[INFO ] 2025-06-23 16:38:19.703 [main] BDD Automation - The Execution of Step I_navigate_the_Application_URL started here
[INFO ] 2025-06-23 16:38:23.418 [main] BDD Automation - The Execution of Step I_navigate_the_Application_URL ended here
[INFO ] 2025-06-23 16:38:23.420 [main] BDD Automation - The Execution of Step I_enter_username_in_username_text_field started here
[INFO ] 2025-06-23 16:38:23.521 [main] BDD Automation - The Execution of Step I_enter_username_in_username_text_field ended here
[INFO ] 2025-06-23 16:38:23.522 [main] BDD Automation - The Execution of Step I_enter_password_in_password_text_field started here
[INFO ] 2025-06-23 16:38:23.623 [main] BDD Automation - The Execution of Step I_enter_password_in_password_text_field ended here
[INFO ] 2025-06-23 16:38:23.626 [main] BDD Automation - The Execution of Step I_click_on_SignIn_button started here
[INFO ] 2025-06-23 16:38:28.716 [main] BDD Automation - The Execution of Step I_click_on_SignIn_button ended here
[INFO ] 2025-06-23 16:38:28.718 [main] BDD Automation - The Execution of Step I_find_the_Home_Page started here
[INFO ] 2025-06-23 16:38:28.742 [main] BDD Automation - The Execution of Step I_find_the_Home_Page ended here
[INFO ] 2025-06-23 16:38:28.744 [main] BDD Automation - The Execution of Step I_minimize_the_flyout_window started here
[INFO ] 2025-06-23 16:38:30.892 [main] BDD Automation - The Execution of Step I_minimize_the_flyout_window ended here
[INFO ] 2025-06-23 16:38:30.893 [main] BDD Automation - The Execution of Step I_find_the_Logout_Link_in_Home_Page started here
[INFO ] 2025-06-23 16:38:30.932 [main] BDD Automation - The Execution of Step I_find_the_Logout_Link_in_Home_Page ended here
[INFO ] 2025-06-23 16:38:30.933 [main] BDD Automation - The Execution of Step I_click_on_Logout_Link started here
[INFO ] 2025-06-23 16:38:33.158 [main] BDD Automation - The Execution of Step I_click_on_Logout_Link ended here
[INFO ] 2025-06-23 16:38:33.159 [main] BDD Automation - The Execution of Step I_find_the_Login_Page started here
[INFO ] 2025-06-23 16:38:33.180 [main] BDD Automation - The Execution of Step I_find_the_Login_Page ended here
[INFO ] 2025-06-23 16:38:33.182 [main] BDD Automation - The Execution of Step I_close_Chrome_Browser started here
[INFO ] 2025-06-23 16:38:33.414 [main] BDD Automation - The Execution of Step I_close_Chrome_Browser ended here
[INFO ] 2025-06-23 16:38:33.420 [main] BDD Automation - The Execution of Step I_launch_the_Chrome_Browser started here
[INFO ] 2025-06-23 16:38:34.313 [main] BDD Automation - The Execution of Step I_launch_the_Chrome_Browser Ended here
[INFO ] 2025-06-23 16:38:34.314 [main] BDD Automation - The Execution of Step I_navigate_the_Application_URL started here
[INFO ] 2025-06-23 16:38:38.099 [main] BDD Automation - The Execution of Step I_navigate_the_Application_URL ended here
[INFO ] 2025-06-23 16:38:38.101 [main] BDD Automation - The Execution of Step I_enter_username_in_username_text_field started here
[INFO ] 2025-06-23 16:38:38.222 [main] BDD Automation - The Execution of Step I_enter_username_in_username_text_field ended here
[INFO ] 2025-06-23 16:38:38.224 [main] BDD Automation - The Execution of Step I_enter_password_in_password_text_field started here
[INFO ] 2025-06-23 16:38:38.319 [main] BDD Automation - The Execution of Step I_enter_password_in_password_text_field ended here
[INFO ] 2025-06-23 16:38:38.319 [main] BDD Automation - The Execution of Step I_click_on_SignIn_button started here
[INFO ] 2025-06-23 16:38:43.444 [main] BDD Automation - The Execution of Step I_click_on_SignIn_button ended here
[INFO ] 2025-06-23 16:38:43.446 [main] BDD Automation - The Execution of Step I_find_the_Home_Page started here
[INFO ] 2025-06-23 16:38:43.469 [main] BDD Automation - The Execution of Step I_find_the_Home_Page ended here
[INFO ] 2025-06-23 16:38:43.470 [main] BDD Automation - The Execution of Step I_minimize_the_flyout_window started here
[INFO ] 2025-06-23 16:38:45.587 [main] BDD Automation - The Execution of Step I_minimize_the_flyout_window ended here
[INFO ] 2025-06-23 16:38:45.587 [main] BDD Automation - The Execution of Step I_find_the_Logout_Link_in_Home_Page started here
[INFO ] 2025-06-23 16:38:45.619 [main] BDD Automation - The Execution of Step I_find_the_Logout_Link_in_Home_Page ended here
[INFO ] 2025-06-23 16:38:45.620 [main] BDD Automation - The Execution of Step I_click_on_Logout_Link started here
[INFO ] 2025-06-23 16:38:47.805 [main] BDD Automation - The Execution of Step I_click_on_Logout_Link ended here
[INFO ] 2025-06-23 16:38:47.807 [main] BDD Automation - The Execution of Step I_find_the_Login_Page started here
[INFO ] 2025-06-23 16:38:47.827 [main] BDD Automation - The Execution of Step I_find_the_Login_Page ended here
[INFO ] 2025-06-23 16:38:47.829 [main] BDD Automation - The Execution of Step I_close_Chrome_Browser started here
[INFO ] 2025-06-23 16:38:48.075 [main] BDD Automation - The Execution of Step I_close_Chrome_Browser ended here
[INFO ] 2025-06-23 16:38:48.080 [main] BDD Automation - The Execution of Step I_launch_the_Chrome_Browser started here
[INFO ] 2025-06-23 16:38:49.045 [main] BDD Automation - The Execution of Step I_launch_the_Chrome_Browser Ended here
[INFO ] 2025-06-23 16:38:49.046 [main] BDD Automation - The Execution of Step I_navigate_the_Application_URL started here
[INFO ] 2025-06-23 16:38:52.624 [main] BDD Automation - The Execution of Step I_navigate_the_Application_URL ended here
[INFO ] 2025-06-23 16:38:52.625 [main] BDD Automation - The Execution of Step I_enter_username_in_username_text_field started here
[INFO ] 2025-06-23 16:38:52.727 [main] BDD Automation - The Execution of Step I_enter_username_in_username_text_field ended here
[INFO ] 2025-06-23 16:38:52.728 [main] BDD Automation - The Execution of Step I_enter_password_in_password_text_field started here
[INFO ] 2025-06-23 16:38:52.832 [main] BDD Automation - The Execution of Step I_enter_password_in_password_text_field ended here
[INFO ] 2025-06-23 16:38:52.833 [main] BDD Automation - The Execution of Step I_click_on_SignIn_button started here
[INFO ] 2025-06-23 16:38:57.933 [main] BDD Automation - The Execution of Step I_click_on_SignIn_button ended here
[INFO ] 2025-06-23 16:38:57.934 [main] BDD Automation - The Execution of Step I_find_the_Home_Page started here
[INFO ] 2025-06-23 16:38:57.957 [main] BDD Automation - The Execution of Step I_find_the_Home_Page ended here
[INFO ] 2025-06-23 16:38:57.958 [main] BDD Automation - The Execution of Step I_minimize_the_flyout_window started here
[INFO ] 2025-06-23 16:39:00.118 [main] BDD Automation - The Execution of Step I_minimize_the_flyout_window ended here
[INFO ] 2025-06-23 16:39:00.118 [main] BDD Automation - The Execution of Step I_find_the_Logout_Link_in_Home_Page started here
[INFO ] 2025-06-23 16:39:00.156 [main] BDD Automation - The Execution of Step I_find_the_Logout_Link_in_Home_Page ended here
[INFO ] 2025-06-23 16:39:00.157 [main] BDD Automation - The Execution of Step I_click_on_Logout_Link started here
[INFO ] 2025-06-23 16:39:02.354 [main] BDD Automation - The Execution of Step I_click_on_Logout_Link ended here
[INFO ] 2025-06-23 16:39:02.356 [main] BDD Automation - The Execution of Step I_find_the_Login_Page started here
[INFO ] 2025-06-23 16:39:02.375 [main] BDD Automation - The Execution of Step I_find_the_Login_Page ended here
[INFO ] 2025-06-23 16:39:02.376 [main] BDD Automation - The Execution of Step I_close_Chrome_Browser started here
[INFO ] 2025-06-23 16:39:02.609 [main] BDD Automation - The Execution of Step I_close_Chrome_Browser ended here
[INFO ] 2025-06-23 16:39:02.615 [main] BDD Automation - The Execution of Step I_launch_the_Chrome_Browser started here
[INFO ] 2025-06-23 16:39:03.625 [main] BDD Automation - The Execution of Step I_launch_the_Chrome_Browser Ended here
[INFO ] 2025-06-23 16:39:03.626 [main] BDD Automation - The Execution of Step I_navigate_the_Application_URL started here
[INFO ] 2025-06-23 16:39:07.360 [main] BDD Automation - The Execution of Step I_navigate_the_Application_URL ended here
[INFO ] 2025-06-23 16:39:07.361 [main] BDD Automation - The Execution of Step I_enter_username_in_username_text_field started here
[INFO ] 2025-06-23 16:39:07.449 [main] BDD Automation - The Execution of Step I_enter_username_in_username_text_field ended here
[INFO ] 2025-06-23 16:39:07.451 [main] BDD Automation - The Execution of Step I_enter_password_in_password_text_field started here
[INFO ] 2025-06-23 16:39:07.561 [main] BDD Automation - The Execution of Step I_enter_password_in_password_text_field ended here
[INFO ] 2025-06-23 16:39:07.562 [main] BDD Automation - The Execution of Step I_click_on_SignIn_button started here
[INFO ] 2025-06-23 16:39:12.680 [main] BDD Automation - The Execution of Step I_click_on_SignIn_button ended here
[INFO ] 2025-06-23 16:39:12.682 [main] BDD Automation - The Execution of Step I_find_the_Home_Page started here
[INFO ] 2025-06-23 16:39:12.704 [main] BDD Automation - The Execution of Step I_find_the_Home_Page ended here
[INFO ] 2025-06-23 16:39:12.705 [main] BDD Automation - The Execution of Step I_minimize_the_flyout_window started here
[INFO ] 2025-06-23 16:39:14.819 [main] BDD Automation - The Execution of Step I_minimize_the_flyout_window ended here
[INFO ] 2025-06-23 16:39:31.680 [main] BDD Automation - The Execution of Step I_find_the_Logout_Link_in_Home_Page started here
[INFO ] 2025-06-23 16:39:31.742 [main] BDD Automation - The Execution of Step I_find_the_Logout_Link_in_Home_Page ended here
[INFO ] 2025-06-23 16:39:31.743 [main] BDD Automation - The Execution of Step I_click_on_Logout_Link started here
[INFO ] 2025-06-23 16:39:33.950 [main] BDD Automation - The Execution of Step I_click_on_Logout_Link ended here
[INFO ] 2025-06-23 16:39:33.951 [main] BDD Automation - The Execution of Step I_find_the_Login_Page started here
[INFO ] 2025-06-23 16:39:33.972 [main] BDD Automation - The Execution of Step I_find_the_Login_Page ended here
[INFO ] 2025-06-23 16:39:33.973 [main] BDD Automation - The Execution of Step I_close_Chrome_Browser started here
[INFO ] 2025-06-23 16:39:34.285 [main] BDD Automation - The Execution of Step I_close_Chrome_Browser ended here
